\BOOKMARK [0][-]{chapter.1}{\376\377\000G\000e\000n\000e\000r\000a\000l\000\040\000P\000r\000e\000s\000e\000n\000t\000a\000t\000i\000o\000n}{}% 1
\BOOKMARK [1][-]{section.1.1}{\376\377\000W\000o\000r\000k\000i\000n\000g\000\040\000T\000e\000a\000m}{chapter.1}% 2
\BOOKMARK [0][-]{chapter.2}{\376\377\000T\000h\000e\000\040\000\050\000O\000n\000e\000\051\000\040\000W\000a\000y\000\040\000t\000o\000\040\000P\000r\000o\000c\000e\000e\000d\000\040\000f\000o\000r\000\040\000G\000e\000t\000t\000i\000n\000g\000\040\000a\000\040\000R\000e\000a\000s\000o\000n\000a\000b\000l\000e\000\040\000D\000e\000s\000i\000g\000n}{}% 3
\BOOKMARK [1][-]{section.2.1}{\376\377\000G\000e\000n\000e\000r\000a\000l\000\040\000C\000o\000n\000s\000i\000d\000e\000r\000a\000t\000i\000o\000n\000s}{chapter.2}% 4
\BOOKMARK [1][-]{section.2.2}{\376\377\000A\000p\000p\000l\000i\000c\000a\000t\000i\000o\000n\000\040\000R\000e\000q\000u\000i\000r\000e\000m\000e\000n\000t\000s\000.\000\040\000P\000r\000o\000j\000e\000c\000t\000\040\000S\000p\000e\000c\000i\000f\000i\000c\000a\000t\000i\000o\000n}{chapter.2}% 5
\BOOKMARK [2][-]{subsection.2.2.1}{\376\377\000`\000`\000W\000h\000a\000t\000\040\000y\000o\000u\000\040\000h\000a\000v\000e\000'\000'\000\040\000a\000n\000d\000\040\000`\000`\000W\000h\000a\000t\000\040\000y\000o\000u\000\040\000h\000a\000v\000e\000\040\000t\000o\000\040\000d\000o\000'\000'}{section.2.2}% 6
\BOOKMARK [2][-]{subsection.2.2.2}{\376\377\000`\000`\000H\000o\000w\000\040\000i\000t\000\040\000w\000o\000u\000l\000d\000\040\000b\000e\000\040\000u\000s\000e\000d\000'\000'}{section.2.2}% 7
\BOOKMARK [1][-]{section.2.3}{\376\377\000D\000e\000r\000i\000v\000e\000\040\000t\000h\000e\000\040\000A\000p\000p\000l\000i\000c\000a\000t\000i\000o\000n\000'\000s\000\040\000D\000e\000s\000i\000g\000n}{chapter.2}% 8
\BOOKMARK [2][-]{subsection.2.3.1}{\376\377\000N\000e\000e\000d\000e\000d\000\040\000D\000a\000t\000a\000\040\000S\000t\000r\000u\000c\000t\000u\000r\000e\000s\000\040\000a\000n\000d\000\040\000F\000u\000n\000c\000t\000i\000o\000n\000s}{section.2.3}% 9
\BOOKMARK [2][-]{subsection.2.3.2}{\376\377\000D\000e\000t\000a\000i\000l\000e\000d\000\040\000F\000u\000n\000c\000t\000i\000o\000n\000a\000l\000i\000t\000y}{section.2.3}% 10
\BOOKMARK [2][-]{subsection.2.3.3}{\376\377\000E\000x\000p\000l\000a\000n\000a\000t\000i\000o\000n\000\040\000o\000f\000\040\000Y\000o\000u\000r\000\040\000D\000e\000s\000i\000g\000n\000\040\000D\000e\000c\000i\000s\000i\000o\000n\000s}{section.2.3}% 11
\BOOKMARK [1][-]{section.2.4}{\376\377\000T\000e\000s\000t\000i\000n\000g\000\040\000Y\000o\000u\000r\000\040\000I\000m\000p\000l\000e\000m\000e\000n\000t\000a\000t\000i\000o\000n}{chapter.2}% 12
\BOOKMARK [1][-]{section.2.5}{\376\377\000O\000b\000s\000e\000r\000v\000a\000t\000i\000o\000n\000s}{chapter.2}% 13
\BOOKMARK [0][-]{chapter.3}{\376\377\000D\000e\000s\000i\000g\000n\000\040\000o\000f\000\040\000M\000o\000d\000u\000l\000e\000\040\000T\000h\000r\000e\000a\000d\000s}{}% 14
\BOOKMARK [1][-]{section.3.1}{\376\377\000A\000s\000s\000i\000g\000n\000m\000e\000n\000t\000\040\000R\000e\000q\000u\000i\000r\000e\000m\000e\000n\000t}{chapter.3}% 15
\BOOKMARK [2][-]{subsection.3.1.1}{\376\377\000I\000n\000i\000t\000i\000a\000l\000\040\000F\000u\000n\000c\000t\000i\000o\000n\000a\000l\000i\000t\000y}{section.3.1}% 16
\BOOKMARK [2][-]{subsection.3.1.2}{\376\377\000R\000e\000q\000u\000i\000r\000e\000m\000e\000n\000t\000s}{section.3.1}% 17
\BOOKMARK [2][-]{subsection.3.1.3}{\376\377\000B\000a\000s\000i\000c\000\040\000U\000s\000e\000\040\000C\000a\000s\000e\000s}{section.3.1}% 18
\BOOKMARK [1][-]{section.3.2}{\376\377\000D\000e\000s\000i\000g\000n\000\040\000D\000e\000s\000c\000r\000i\000p\000t\000i\000o\000n}{chapter.3}% 19
\BOOKMARK [2][-]{subsection.3.2.1}{\376\377\000N\000e\000e\000d\000e\000d\000\040\000D\000a\000t\000a\000\040\000S\000t\000r\000u\000c\000t\000u\000r\000e\000s\000\040\000a\000n\000d\000\040\000F\000u\000n\000c\000t\000i\000o\000n\000s}{section.3.2}% 20
\BOOKMARK [2][-]{subsection.3.2.2}{\376\377\000I\000n\000t\000e\000r\000f\000a\000c\000e\000s\000\040\000B\000e\000t\000w\000e\000e\000n\000\040\000C\000o\000m\000p\000o\000n\000e\000n\000t\000s}{section.3.2}% 21
\BOOKMARK [2][-]{subsection.3.2.3}{\376\377\000A\000n\000a\000l\000y\000s\000i\000s\000\040\000a\000n\000d\000\040\000D\000e\000t\000a\000i\000l\000e\000d\000\040\000F\000u\000n\000c\000t\000i\000o\000n\000a\000l\000i\000t\000y}{section.3.2}% 22
\BOOKMARK [1][-]{section.3.3}{\376\377\000T\000e\000s\000t\000s}{chapter.3}% 23
\BOOKMARK [1][-]{section.3.4}{\376\377\000O\000b\000s\000e\000r\000v\000a\000t\000i\000o\000n\000s}{chapter.3}% 24
\BOOKMARK [0][-]{chapter.4}{\376\377\000D\000e\000s\000i\000g\000n\000\040\000o\000f\000\040\000M\000o\000d\000u\000l\000e\000\040\000U\000s\000e\000r\000p\000r\000o\000g}{}% 25
\BOOKMARK [1][-]{section.4.1}{\376\377\000A\000s\000s\000i\000g\000n\000m\000e\000n\000t\000\040\000R\000e\000q\000u\000i\000r\000e\000m\000e\000n\000t\000s}{chapter.4}% 26
\BOOKMARK [2][-]{subsection.4.1.1}{\376\377\000I\000n\000i\000t\000i\000a\000l\000\040\000F\000u\000n\000c\000t\000i\000o\000n\000a\000l\000i\000t\000y}{section.4.1}% 27
\BOOKMARK [2][-]{subsection.4.1.2}{\376\377\000R\000e\000q\000u\000i\000r\000e\000m\000e\000n\000t\000s}{section.4.1}% 28
\BOOKMARK [2][-]{subsection.4.1.3}{\376\377\000B\000a\000s\000i\000c\000\040\000U\000s\000e\000\040\000C\000a\000s\000e\000s}{section.4.1}% 29
\BOOKMARK [1][-]{section.4.2}{\376\377\000D\000e\000s\000i\000g\000n\000\040\000D\000e\000s\000c\000r\000i\000p\000t\000i\000o\000n}{chapter.4}% 30
\BOOKMARK [2][-]{subsection.4.2.1}{\376\377\000N\000e\000e\000d\000e\000d\000\040\000D\000a\000t\000a\000\040\000S\000t\000r\000u\000c\000t\000u\000r\000e\000s\000\040\000a\000n\000d\000\040\000F\000u\000n\000c\000t\000i\000o\000n\000s}{section.4.2}% 31
\BOOKMARK [2][-]{subsection.4.2.2}{\376\377\000I\000n\000t\000e\000r\000f\000a\000c\000e\000s\000\040\000B\000e\000t\000w\000e\000e\000n\000\040\000C\000o\000m\000p\000o\000n\000e\000n\000t\000s}{section.4.2}% 32
\BOOKMARK [2][-]{subsection.4.2.3}{\376\377\000A\000n\000a\000l\000y\000s\000i\000s\000\040\000a\000n\000d\000\040\000D\000e\000t\000a\000i\000l\000e\000d\000\040\000F\000u\000n\000c\000t\000i\000o\000n\000a\000l\000i\000t\000y}{section.4.2}% 33
\BOOKMARK [1][-]{section.4.3}{\376\377\000T\000e\000s\000t\000s}{chapter.4}% 34
\BOOKMARK [1][-]{section.4.4}{\376\377\000O\000b\000s\000e\000r\000v\000a\000t\000i\000o\000n\000s}{chapter.4}% 35
\BOOKMARK [0][-]{chapter.5}{\376\377\000D\000e\000s\000i\000g\000n\000\040\000o\000f\000\040\000M\000o\000d\000u\000l\000e\000\040\000v\000i\000r\000t\000u\000a\000l\000m\000e\000m\000o\000r\000y}{}% 36
\BOOKMARK [1][-]{section.5.1}{\376\377\000A\000s\000s\000i\000g\000n\000m\000e\000n\000t\000\040\000R\000e\000q\000u\000i\000r\000e\000m\000e\000n\000t\000s}{chapter.5}% 37
\BOOKMARK [2][-]{subsection.5.1.1}{\376\377\000I\000n\000i\000t\000i\000a\000l\000\040\000F\000u\000n\000c\000t\000i\000o\000n\000a\000l\000i\000t\000y}{section.5.1}% 38
\BOOKMARK [2][-]{subsection.5.1.2}{\376\377\000R\000e\000q\000u\000i\000r\000e\000m\000e\000n\000t\000s}{section.5.1}% 39
\BOOKMARK [2][-]{subsection.5.1.3}{\376\377\000B\000a\000s\000i\000c\000\040\000U\000s\000e\000\040\000C\000a\000s\000e\000s}{section.5.1}% 40
\BOOKMARK [1][-]{section.5.2}{\376\377\000D\000e\000s\000i\000g\000n\000\040\000D\000e\000s\000c\000r\000i\000p\000t\000i\000o\000n}{chapter.5}% 41
\BOOKMARK [2][-]{subsection.5.2.1}{\376\377\000N\000e\000e\000d\000e\000d\000\040\000D\000a\000t\000a\000\040\000S\000t\000r\000u\000c\000t\000u\000r\000e\000s\000\040\000a\000n\000d\000\040\000F\000u\000n\000c\000t\000i\000o\000n\000s}{section.5.2}% 42
\BOOKMARK [2][-]{subsection.5.2.2}{\376\377\000I\000n\000t\000e\000r\000f\000a\000c\000e\000s\000\040\000B\000e\000t\000w\000e\000e\000n\000\040\000C\000o\000m\000p\000o\000n\000e\000n\000t\000s}{section.5.2}% 43
\BOOKMARK [2][-]{subsection.5.2.3}{\376\377\000A\000n\000a\000l\000y\000s\000i\000s\000\040\000a\000n\000d\000\040\000D\000e\000t\000a\000i\000l\000e\000d\000\040\000F\000u\000n\000c\000t\000i\000o\000n\000a\000l\000i\000t\000y}{section.5.2}% 44
\BOOKMARK [2][-]{subsection.5.2.4}{\376\377\000E\000x\000p\000l\000a\000n\000a\000t\000i\000o\000n\000\040\000o\000f\000\040\000Y\000o\000u\000r\000\040\000D\000e\000s\000i\000g\000n\000\040\000D\000e\000c\000i\000s\000i\000o\000n\000s}{section.5.2}% 45
\BOOKMARK [1][-]{section.5.3}{\376\377\000T\000e\000s\000t\000s}{chapter.5}% 46
\BOOKMARK [1][-]{section.5.4}{\376\377\000O\000b\000s\000e\000r\000v\000a\000t\000i\000o\000n\000s}{chapter.5}% 47
\BOOKMARK [1][-]{section.5.5}{\376\377\000Q\000u\000e\000s\000t\000i\000o\000n\000s\000\040\000t\000h\000a\000t\000\040\000y\000o\000u\000\040\000c\000o\000u\000l\000d\000\040\000b\000e\000\040\000a\000s\000k\000e\000d}{chapter.5}% 48
\BOOKMARK [0][-]{chapter.6}{\376\377\000D\000e\000s\000i\000g\000n\000\040\000o\000f\000\040\000M\000o\000d\000u\000l\000e\000\040\000P\000r\000o\000c\000e\000s\000s\000o\000r\000-\000A\000f\000f\000i\000n\000i\000t\000y\000\040\000a\000n\000d\000\040\000F\000S\000\040\000C\000a\000c\000h\000e}{}% 49
\BOOKMARK [1][-]{section.6.1}{\376\377\000A\000s\000s\000i\000g\000n\000m\000e\000n\000t\000\040\000R\000e\000q\000u\000i\000r\000e\000m\000e\000n\000t\000s}{chapter.6}% 50
\BOOKMARK [2][-]{subsection.6.1.1}{\376\377\000I\000n\000i\000t\000i\000a\000l\000\040\000F\000u\000n\000c\000t\000i\000o\000n\000a\000l\000i\000t\000y}{section.6.1}% 51
\BOOKMARK [2][-]{subsection.6.1.2}{\376\377\000R\000e\000q\000u\000i\000r\000e\000m\000e\000n\000t\000s}{section.6.1}% 52
\BOOKMARK [2][-]{subsection.6.1.3}{\376\377\000B\000a\000s\000i\000c\000\040\000U\000s\000e\000\040\000C\000a\000s\000e\000s}{section.6.1}% 53
\BOOKMARK [1][-]{section.6.2}{\376\377\000D\000e\000s\000i\000g\000n\000\040\000D\000e\000s\000c\000r\000i\000p\000t\000i\000o\000n}{chapter.6}% 54
\BOOKMARK [2][-]{subsection.6.2.1}{\376\377\000N\000e\000e\000d\000e\000d\000\040\000D\000a\000t\000a\000\040\000S\000t\000r\000u\000c\000t\000u\000r\000e\000s\000\040\000a\000n\000d\000\040\000F\000u\000n\000c\000t\000i\000o\000n\000s}{section.6.2}% 55
\BOOKMARK [2][-]{subsection.6.2.2}{\376\377\000I\000n\000t\000e\000r\000f\000a\000c\000e\000s\000\040\000B\000e\000t\000w\000e\000e\000n\000\040\000C\000o\000m\000p\000o\000n\000e\000n\000t\000s}{section.6.2}% 56
\BOOKMARK [2][-]{subsection.6.2.3}{\376\377\000A\000n\000a\000l\000y\000s\000i\000s\000\040\000a\000n\000d\000\040\000D\000e\000t\000a\000i\000l\000e\000d\000\040\000F\000u\000n\000c\000t\000i\000o\000n\000a\000l\000i\000t\000y}{section.6.2}% 57
\BOOKMARK [2][-]{subsection.6.2.4}{\376\377\000E\000x\000p\000l\000a\000n\000a\000t\000i\000o\000n\000\040\000o\000f\000\040\000Y\000o\000u\000r\000\040\000D\000e\000s\000i\000g\000n\000\040\000D\000e\000c\000i\000s\000i\000o\000n\000s}{section.6.2}% 58
\BOOKMARK [1][-]{section.6.3}{\376\377\000T\000e\000s\000t\000s}{chapter.6}% 59
\BOOKMARK [1][-]{section.6.4}{\376\377\000O\000b\000s\000e\000r\000v\000a\000t\000i\000o\000n\000s}{chapter.6}% 60
